TN:
SF:src/index.ts
FN:1,get
FN:2,get
FN:3,get
FN:4,get
FN:5,get
FN:6,get
FN:7,get
FN:8,get
FN:9,get
FN:10,get
FN:10,get
FNF:11
FNH:3
FNDA:2,get
FNDA:2,get
FNDA:1,get
FNDA:0,get
FNDA:0,get
FNDA:0,get
FNDA:0,get
FNDA:0,get
FNDA:0,get
FNDA:0,get
FNDA:0,get
DA:1,1
DA:2,1
DA:3,1
DA:4,1
DA:5,1
DA:6,1
DA:7,1
DA:8,1
DA:9,1
DA:10,1
DA:11,1
DA:12,1
LF:12
LH:12
BRDA:1,0,0,2
BRDA:2,1,0,2
BRDA:3,2,0,1
BRF:3
BRH:3
end_of_record
TN:
SF:src/types.ts
FNF:0
FNH:0
DA:1,1
DA:2,1
DA:3,1
DA:4,1
DA:5,1
DA:6,1
DA:7,1
DA:8,1
DA:9,1
DA:10,1
DA:11,1
DA:12,1
DA:13,1
DA:14,1
DA:15,1
DA:16,1
DA:17,1
DA:18,1
DA:19,1
DA:20,1
DA:21,1
DA:22,1
DA:23,1
DA:24,1
DA:25,1
DA:26,1
DA:27,1
DA:28,1
DA:29,1
DA:30,1
DA:31,1
DA:32,1
DA:33,1
DA:34,1
DA:35,1
LF:35
LH:35
BRF:0
BRH:0
end_of_record
TN:
SF:src/api/bindEvent.ts
FN:9,bindEvent
FNF:1
FNH:1
FNDA:2,bindEvent
DA:1,1
DA:2,1
DA:3,1
DA:4,1
DA:5,1
DA:6,1
DA:7,1
DA:8,1
DA:9,2
DA:10,2
DA:11,2
LF:11
LH:11
BRDA:9,0,0,2
BRF:1
BRH:1
end_of_record
TN:
SF:src/api/emitEvents.ts
FN:11,emitEvent
FNF:1
FNH:1
FNDA:2,emitEvent
DA:1,1
DA:2,1
DA:3,1
DA:4,1
DA:5,1
DA:6,1
DA:7,1
DA:8,1
DA:9,1
DA:10,1
DA:11,1
DA:12,2
DA:13,2
DA:14,2
LF:14
LH:14
BRDA:11,0,0,2
BRF:1
BRH:1
end_of_record
TN:
SF:src/api/isEventBound.ts
FN:7,isEventBound
FNF:1
FNH:0
FNDA:0,isEventBound
DA:1,1
DA:2,1
DA:3,1
DA:4,1
DA:5,1
DA:6,1
DA:7,0
DA:8,0
DA:9,0
DA:10,0
LF:10
LH:6
BRF:0
BRH:0
end_of_record
TN:
SF:src/api/listBoundEvents.ts
FN:6,listBoundEvents
FNF:1
FNH:0
FNDA:0,listBoundEvents
DA:1,1
DA:2,1
DA:3,1
DA:4,1
DA:5,1
DA:6,0
DA:7,0
DA:8,0
DA:9,0
LF:9
LH:5
BRF:0
BRH:0
end_of_record
TN:
SF:src/api/onAnyEvent.ts
FN:8,onAnyEvent
FNF:1
FNH:0
FNDA:0,onAnyEvent
DA:1,1
DA:2,1
DA:3,1
DA:4,1
DA:5,1
DA:6,1
DA:7,1
DA:8,0
DA:9,0
DA:10,0
DA:11,0
DA:12,0
DA:13,0
DA:14,0
DA:15,0
DA:16,0
DA:17,0
LF:17
LH:7
BRF:0
BRH:0
end_of_record
TN:
SF:src/api/registerWorkflow.ts
FN:9,registerWorkflow
FNF:1
FNH:0
FNDA:0,registerWorkflow
DA:1,1
DA:2,1
DA:3,1
DA:4,1
DA:5,1
DA:6,1
DA:7,1
DA:8,1
DA:9,0
DA:10,0
DA:11,0
DA:12,0
DA:13,0
LF:13
LH:8
BRF:0
BRH:0
end_of_record
TN:
SF:src/api/startEventListener.ts
FN:6,startEventListener
FNF:1
FNH:0
FNDA:0,startEventListener
DA:1,1
DA:2,1
DA:3,1
DA:4,1
DA:5,1
DA:6,1
DA:7,0
DA:8,0
LF:8
LH:6
BRF:0
BRH:0
end_of_record
TN:
SF:src/api/stopEventListener.ts
FN:6,stopEventListener
FNF:1
FNH:0
FNDA:0,stopEventListener
DA:1,1
DA:2,1
DA:3,1
DA:4,1
DA:5,1
DA:6,1
DA:7,0
DA:8,0
LF:8
LH:6
BRF:0
BRH:0
end_of_record
TN:
SF:src/api/unbindEvent.ts
FN:9,unbindEvent
FNF:1
FNH:1
FNDA:1,unbindEvent
DA:1,1
DA:2,1
DA:3,1
DA:4,1
DA:5,1
DA:6,1
DA:7,1
DA:8,1
DA:9,1
DA:10,1
DA:11,1
DA:12,1
DA:13,1
LF:13
LH:13
BRDA:9,0,0,1
BRF:1
BRH:1
end_of_record
TN:
SF:src/bus/EventBus.ts
FN:7,<instance_members_initializer>
FN:14,emit
FN:32,on
FN:44,off
FNF:4
FNH:4
FNDA:1,<instance_members_initializer>
FNDA:2,emit
FNDA:2,on
FNDA:1,off
DA:1,1
DA:2,1
DA:3,1
DA:4,1
DA:5,1
DA:6,1
DA:7,1
DA:8,1
DA:9,1
DA:10,1
DA:11,1
DA:12,1
DA:13,1
DA:14,1
DA:15,2
DA:16,2
DA:17,2
DA:18,1
DA:19,1
DA:20,1
DA:21,0
DA:22,0
DA:23,1
DA:24,2
DA:25,2
DA:26,1
DA:27,1
DA:28,1
DA:29,1
DA:30,1
DA:31,1
DA:32,1
DA:33,2
DA:34,2
DA:35,2
DA:36,2
DA:37,2
DA:38,1
DA:39,1
DA:40,1
DA:41,1
DA:42,1
DA:43,1
DA:44,1
DA:45,1
DA:46,1
DA:47,1
DA:48,1
DA:49,1
DA:50,1
DA:51,1
DA:52,1
DA:53,1
DA:54,1
DA:55,1
DA:56,1
DA:57,1
LF:57
LH:55
BRDA:7,0,0,1
BRDA:14,1,0,2
BRDA:17,2,0,1
BRDA:20,3,0,0
BRDA:32,4,0,2
BRDA:44,5,0,1
BRF:6
BRH:5
end_of_record
TN:
SF:src/bus/InMemoryBus.ts
FN:7,<instance_members_initializer>
FN:9,start
FN:14,stop
FN:19,isRunning
FNF:4
FNH:1
FNDA:1,<instance_members_initializer>
FNDA:0,start
FNDA:0,stop
FNDA:0,isRunning
DA:1,1
DA:2,1
DA:3,1
DA:4,1
DA:5,1
DA:6,1
DA:7,1
DA:8,1
DA:9,1
DA:10,0
DA:11,0
DA:12,0
DA:13,1
DA:14,1
DA:15,0
DA:16,0
DA:17,0
DA:18,1
DA:19,1
DA:20,0
DA:21,0
DA:22,1
LF:22
LH:14
BRDA:7,0,0,1
BRF:1
BRH:1
end_of_record
TN:
SF:src/internal/context.ts
FN:12,getCurrentEventBus
FN:20,useEventBus
FNF:2
FNH:1
FNDA:5,getCurrentEventBus
FNDA:0,useEventBus
DA:1,1
DA:2,1
DA:3,1
DA:4,1
DA:5,1
DA:6,1
DA:7,1
DA:8,1
DA:9,1
DA:10,1
DA:11,1
DA:12,5
DA:13,5
DA:14,5
DA:15,1
DA:16,1
DA:17,1
DA:18,1
DA:19,1
DA:20,0
DA:21,0
DA:22,0
LF:22
LH:19
BRDA:12,0,0,5
BRF:1
BRH:1
end_of_record
