TN:
SF:src/api/bindEvent.ts
FN:9,bindEvent
FNF:1
FNH:0
FNDA:0,bindEvent
DA:1,1
DA:2,1
DA:3,1
DA:4,1
DA:5,1
DA:6,1
DA:7,1
DA:8,1
DA:9,0
DA:10,0
DA:11,0
LF:11
LH:8
BRF:0
BRH:0
end_of_record
TN:
SF:src/api/emitEvents.ts
FN:5,emitEvent
FNF:1
FNH:1
FNDA:2,emitEvent
DA:1,1
DA:2,1
DA:3,1
DA:4,1
DA:5,1
DA:6,2
DA:7,2
LF:7
LH:7
BRDA:5,0,0,2
BRF:1
BRH:1
end_of_record
TN:
SF:src/api/registerWorkflow.ts
FN:11,registerWorkflow
FN:19,bindWorkflowToEvent
FN:26,emit
FNF:3
FNH:2
FNDA:0,registerWorkflow
FNDA:3,bindWorkflowToEvent
FNDA:2,emit
DA:1,1
DA:2,1
DA:3,1
DA:4,1
DA:5,1
DA:6,1
DA:7,1
DA:8,1
DA:9,1
DA:10,1
DA:11,0
DA:12,0
DA:13,0
DA:14,0
DA:15,0
DA:16,1
DA:17,1
DA:18,1
DA:19,3
DA:20,3
DA:21,3
DA:22,3
DA:23,3
DA:24,3
DA:25,4
DA:26,4
DA:27,4
DA:28,4
DA:29,4
DA:30,3
DA:31,3
LF:31
LH:26
BRDA:19,0,0,3
BRDA:24,1,0,4
BRDA:26,2,0,2
BRF:3
BRH:3
end_of_record
TN:
SF:src/bus/EventBus.ts
FN:7,<instance_members_initializer>
FN:16,emit
FN:34,on
FN:46,off
FN:54,start
FN:62,stop
FNF:6
FNH:3
FNDA:2,<instance_members_initializer>
FNDA:4,emit
FNDA:3,on
FNDA:0,off
FNDA:0,start
FNDA:0,stop
DA:1,1
DA:2,1
DA:3,1
DA:4,1
DA:5,1
DA:6,1
DA:7,1
DA:8,1
DA:9,1
DA:10,1
DA:11,1
DA:12,1
DA:13,1
DA:14,1
DA:15,1
DA:16,1
DA:17,4
DA:18,4
DA:19,4
DA:20,4
DA:21,4
DA:22,4
DA:23,0
DA:24,0
DA:25,4
DA:26,4
DA:27,4
DA:28,1
DA:29,1
DA:30,1
DA:31,1
DA:32,1
DA:33,1
DA:34,1
DA:35,3
DA:36,3
DA:37,3
DA:38,3
DA:39,3
DA:40,1
DA:41,1
DA:42,1
DA:43,1
DA:44,1
DA:45,1
DA:46,1
DA:47,0
DA:48,0
DA:49,1
DA:50,1
DA:51,1
DA:52,1
DA:53,1
DA:54,1
DA:55,0
DA:56,0
DA:57,1
DA:58,1
DA:59,1
DA:60,1
DA:61,1
DA:62,1
DA:63,0
DA:64,0
DA:65,1
LF:65
LH:57
BRDA:7,0,0,2
BRDA:16,1,0,4
BRDA:22,2,0,0
BRDA:34,3,0,3
BRF:4
BRH:3
end_of_record
TN:
SF:src/bus/InMemoryBus.ts
FN:7,<instance_members_initializer>
FN:9,start
FN:14,stop
FN:19,isRunning
FNF:4
FNH:1
FNDA:1,<instance_members_initializer>
FNDA:0,start
FNDA:0,stop
FNDA:0,isRunning
DA:1,1
DA:2,1
DA:3,1
DA:4,1
DA:5,1
DA:6,1
DA:7,1
DA:8,1
DA:9,1
DA:10,0
DA:11,0
DA:12,0
DA:13,1
DA:14,1
DA:15,0
DA:16,0
DA:17,0
DA:18,1
DA:19,1
DA:20,0
DA:21,0
DA:22,1
LF:22
LH:14
BRDA:7,0,0,1
BRF:1
BRH:1
end_of_record
TN:
SF:src/internal/context.ts
FN:12,getCurrentEventBus
FN:20,useEventBus
FNF:2
FNH:0
FNDA:0,getCurrentEventBus
FNDA:0,useEventBus
DA:1,1
DA:2,1
DA:3,1
DA:4,1
DA:5,1
DA:6,1
DA:7,1
DA:8,1
DA:9,1
DA:10,1
DA:11,1
DA:12,0
DA:13,0
DA:14,0
DA:15,1
DA:16,1
DA:17,1
DA:18,1
DA:19,1
DA:20,0
DA:21,0
DA:22,0
DA:23,1
DA:24,1
DA:25,1
DA:26,1
DA:27,1
DA:28,1
DA:29,1
DA:30,1
DA:31,1
DA:32,1
DA:33,1
DA:34,1
DA:35,1
DA:36,1
LF:36
LH:30
BRF:0
BRH:0
end_of_record
